<?xml version="1.0" encoding="UTF-8"?>
<!-- Generated by org.testng.reporters.JUnitXMLReporter -->
<testsuite ignored="0" hostname="VG" failures="0" tests="1" name="Default test" time="0.042" errors="0" timestamp="2024-01-21T23:21:14 IST">
  <testcase classname="Selenium_Advance.TestFlow" name="@BeforeSuite beforesuite" time="-1.7058594747E9">
    <failure type="org.testng.TestNGException" message="
Parameter &amp;apos;url&amp;apos; is required by BeforeSuite on method beforesuite but has not been marked @Optional or defined
in C:\Users\Lenovo\AppData\Local\Temp\testng-eclipse--401261189\testng-customsuite.xml">
      <![CDATA[org.testng.TestNGException: 
Parameter 'url' is required by BeforeSuite on method beforesuite but has not been marked @Optional or defined
in C:\Users\Lenovo\AppData\Local\Temp\testng-eclipse--401261189\testng-customsuite.xml
at org.testng.internal.Parameters.createParams(Parameters.java:270)
at org.testng.internal.Parameters.createParametersForMethod(Parameters.java:358)
at org.testng.internal.Parameters.createParameters(Parameters.java:700)
at org.testng.internal.Parameters.createConfigurationParameters(Parameters.java:168)
at org.testng.internal.ConfigInvoker.invokeConfigurations(ConfigInvoker.java:302)
at org.testng.SuiteRunner.privateRun(SuiteRunner.java:317)
at org.testng.SuiteRunner.run(SuiteRunner.java:276)
at org.testng.SuiteRunnerWorker.runSuite(SuiteRunnerWorker.java:53)
at org.testng.SuiteRunnerWorker.run(SuiteRunnerWorker.java:96)
at org.testng.TestNG.runSuitesSequentially(TestNG.java:1212)
at org.testng.TestNG.runSuitesLocally(TestNG.java:1134)
at org.testng.TestNG.runSuites(TestNG.java:1063)
at org.testng.TestNG.run(TestNG.java:1031)
at org.testng.remote.AbstractRemoteTestNG.run(AbstractRemoteTestNG.java:115)
at org.testng.remote.RemoteTestNG.initAndRun(RemoteTestNG.java:251)
at org.testng.remote.RemoteTestNG.main(RemoteTestNG.java:77)
]]>
    </failure>
  </testcase> <!-- @BeforeSuite beforesuite -->
  <testcase classname="Selenium_Advance.TestFlow" name="@BeforeTest beforetest" time="-1.70585947471E9">
    <skipped/>
  </testcase> <!-- @BeforeTest beforetest -->
  <testcase classname="Selenium_Advance.TestFlow" name="@BeforeClass beforeclass" time="-1.705859474725E9">
    <skipped/>
  </testcase> <!-- @BeforeClass beforeclass -->
  <testcase classname="Selenium_Advance.TestFlow" name="@BeforeMethod beforemethod" time="-1.705859474736E9">
    <skipped/>
  </testcase> <!-- @BeforeMethod beforemethod -->
  <testcase classname="Selenium_Advance.TestFlow" name="@AfterMethod afterMethod" time="-1.705859474741E9">
    <skipped/>
  </testcase> <!-- @AfterMethod afterMethod -->
  <testcase classname="Selenium_Advance.TestFlow" name="@AfterClass afterClass" time="-1.705859474742E9">
    <skipped/>
  </testcase> <!-- @AfterClass afterClass -->
  <testcase classname="Selenium_Advance.TestFlow" name="@AfterTest AfterTest" time="-1.705859474745E9">
    <skipped/>
  </testcase> <!-- @AfterTest AfterTest -->
  <testcase classname="Selenium_Advance.TestFlow" name="test" time="0.0">
    <skipped/>
  </testcase> <!-- test -->
</testsuite> <!-- Default test -->
